# JRE version: OpenJDK Runtime Environment Temurin-17.0.10+7 (17.0.10+7) (build 17.0.10+7)
# Java VM: OpenJDK 64-Bit Server VM Temurin-17.0.10+7 (17.0.10+7, mixed mode, emulated-client, tiered, compressed oops, compressed class ptrs, g1 gc, windows-amd64)
GC Precious Log:
 CPUs: 4 total, 4 available
 Memory: 8006M
 Large Page Support: Disabled
 NUMA Support: Disabled
 Compressed Oops: Enabled (32-bit)
 Heap Region Size: 1M
 Heap Min Capacity: 8M
 Heap Initial Capacity: 126M
 Heap Max Capacity: 1G
 Pre-touch: Disabled
 Parallel Workers: 4
 Concurrent Workers: 1
 Concurrent Refinement Workers: 4
 Periodic GC: Disabled
Heap:
 garbage-first heap   total 91136K, used 35119K [0x00000000c0000000, 0x0000000100000000)
  region size 1024K, 1 young (1024K), 0 survivors (0K)
 Metaspace       used 58848K, committed 59328K, reserved 1114112K
  class space    used 7338K, committed 7552K, reserved 1048576K
GC Heap History (20 events):
Event: 10145.228 GC heap before
{Heap before GC invocations=947 (full 928):
 garbage-first heap   total 91136K, used 35119K [0x00000000c0000000, 0x0000000100000000)
  region size 1024K, 1 young (1024K), 0 survivors (0K)
 Metaspace       used 58848K, committed 59328K, reserved 1114112K
  class space    used 7338K, committed 7552K, reserved 1048576K
}
Event: 10145.269 GC heap after
{Heap after GC invocations=948 (full 929):
 garbage-first heap   total 91136K, used 35119K [0x00000000c0000000, 0x0000000100000000)
  region size 1024K, 0 young (0K), 0 survivors (0K)
 Metaspace       used 58848K, committed 59328K, reserved 1114112K
  class space    used 7338K, committed 7552K, reserved 1048576K
}
Event: 10155.428 GC heap before
{Heap before GC invocations=948 (full 929):
 garbage-first heap   total 91136K, used 35119K [0x00000000c0000000, 0x0000000100000000)
  region size 1024K, 1 young (1024K), 0 survivors (0K)
 Metaspace       used 58848K, committed 59328K, reserved 1114112K
  class space    used 7338K, committed 7552K, reserved 1048576K
}
Event: 10155.464 GC heap after
{Heap after GC invocations=949 (full 930):
 garbage-first heap   total 91136K, used 35119K [0x00000000c0000000, 0x0000000100000000)
  region size 1024K, 0 young (0K), 0 survivors (0K)
 Metaspace       used 58848K, committed 59328K, reserved 1114112K
  class space    used 7338K, committed 7552K, reserved 1048576K
}
Event: 10165.805 GC heap before
{Heap before GC invocations=949 (full 930):
 garbage-first heap   total 91136K, used 35119K [0x00000000c0000000, 0x0000000100000000)
  region size 1024K, 1 young (1024K), 0 survivors (0K)
 Metaspace       used 58848K, committed 59328K, reserved 1114112K
  class space    used 7338K, committed 7552K, reserved 1048576K
}
Event: 10165.834 GC heap after
{Heap after GC invocations=950 (full 931):
 garbage-first heap   total 91136K, used 35119K [0x00000000c0000000, 0x0000000100000000)
  region size 1024K, 0 young (0K), 0 survivors (0K)
 Metaspace       used 58848K, committed 59328K, reserved 1114112K
  class space    used 7338K, committed 7552K, reserved 1048576K
}
Event: 10176.198 GC heap before
{Heap before GC invocations=950 (full 931):
 garbage-first heap   total 91136K, used 35119K [0x00000000c0000000, 0x0000000100000000)
  region size 1024K, 1 young (1024K), 0 survivors (0K)
 Metaspace       used 58848K, committed 59328K, reserved 1114112K
  class space    used 7338K, committed 7552K, reserved 1048576K
}
Event: 10176.248 GC heap after
{Heap after GC invocations=951 (full 932):
 garbage-first heap   total 91136K, used 35119K [0x00000000c0000000, 0x0000000100000000)
  region size 1024K, 0 young (0K), 0 survivors (0K)
 Metaspace       used 58848K, committed 59328K, reserved 1114112K
  class space    used 7338K, committed 7552K, reserved 1048576K
}
Event: 10186.473 GC heap before
{Heap before GC invocations=951 (full 932):
 garbage-first heap   total 91136K, used 35119K [0x00000000c0000000, 0x0000000100000000)
  region size 1024K, 1 young (1024K), 0 survivors (0K)
 Metaspace       used 58848K, committed 59328K, reserved 1114112K
  class space    used 7338K, committed 7552K, reserved 1048576K
}
Event: 10186.506 GC heap after
{Heap after GC invocations=952 (full 933):
 garbage-first heap   total 91136K, used 35119K [0x00000000c0000000, 0x0000000100000000)
  region size 1024K, 0 young (0K), 0 survivors (0K)
 Metaspace       used 58848K, committed 59328K, reserved 1114112K
  class space    used 7338K, committed 7552K, reserved 1048576K
}
Event: 10196.695 GC heap before
{Heap before GC invocations=952 (full 933):
 garbage-first heap   total 91136K, used 35119K [0x00000000c0000000, 0x0000000100000000)
  region size 1024K, 1 young (1024K), 0 survivors (0K)
 Metaspace       used 58848K, committed 59328K, reserved 1114112K
  class space    used 7338K, committed 7552K, reserved 1048576K
}
Event: 10196.724 GC heap after
{Heap after GC invocations=953 (full 934):
 garbage-first heap   total 91136K, used 35119K [0x00000000c0000000, 0x0000000100000000)
  region size 1024K, 0 young (0K), 0 survivors (0K)
 Metaspace       used 58848K, committed 59328K, reserved 1114112K
  class space    used 7338K, committed 7552K, reserved 1048576K
}
Event: 10206.863 GC heap before
{Heap before GC invocations=953 (full 934):
 garbage-first heap   total 91136K, used 35119K [0x00000000c0000000, 0x0000000100000000)
  region size 1024K, 1 young (1024K), 0 survivors (0K)
 Metaspace       used 58848K, committed 59328K, reserved 1114112K
  class space    used 7338K, committed 7552K, reserved 1048576K
}
Event: 10206.898 GC heap after
{Heap after GC invocations=954 (full 935):
 garbage-first heap   total 91136K, used 35119K [0x00000000c0000000, 0x0000000100000000)
  region size 1024K, 0 young (0K), 0 survivors (0K)
 Metaspace       used 58848K, committed 59328K, reserved 1114112K
  class space    used 7338K, committed 7552K, reserved 1048576K
}
Event: 10217.045 GC heap before
{Heap before GC invocations=954 (full 935):
 garbage-first heap   total 91136K, used 35119K [0x00000000c0000000, 0x0000000100000000)
  region size 1024K, 1 young (1024K), 0 survivors (0K)
 Metaspace       used 58848K, committed 59328K, reserved 1114112K
  class space    used 7338K, committed 7552K, reserved 1048576K
}
Event: 10217.089 GC heap after
{Heap after GC invocations=955 (full 936):
 garbage-first heap   total 91136K, used 35119K [0x00000000c0000000, 0x0000000100000000)
  region size 1024K, 0 young (0K), 0 survivors (0K)
 Metaspace       used 58848K, committed 59328K, reserved 1114112K
  class space    used 7338K, committed 7552K, reserved 1048576K
}
Event: 10227.201 GC heap before
{Heap before GC invocations=955 (full 936):
 garbage-first heap   total 91136K, used 35119K [0x00000000c0000000, 0x0000000100000000)
  region size 1024K, 1 young (1024K), 0 survivors (0K)
 Metaspace       used 58848K, committed 59328K, reserved 1114112K
  class space    used 7338K, committed 7552K, reserved 1048576K
}
Event: 10227.242 GC heap after
{Heap after GC invocations=956 (full 937):
 garbage-first heap   total 91136K, used 35119K [0x00000000c0000000, 0x0000000100000000)
  region size 1024K, 0 young (0K), 0 survivors (0K)
 Metaspace       used 58848K, committed 59328K, reserved 1114112K
  class space    used 7338K, committed 7552K, reserved 1048576K
}
Event: 10238.889 GC heap before
{Heap before GC invocations=956 (full 937):
 garbage-first heap   total 91136K, used 35119K [0x00000000c0000000, 0x0000000100000000)
  region size 1024K, 1 young (1024K), 0 survivors (0K)
 Metaspace       used 58848K, committed 59328K, reserved 1114112K
  class space    used 7338K, committed 7552K, reserved 1048576K
}
Event: 10238.941 GC heap after
{Heap after GC invocations=957 (full 938):
 garbage-first heap   total 91136K, used 35119K [0x00000000c0000000, 0x0000000100000000)
  region size 1024K, 0 young (0K), 0 survivors (0K)
 Metaspace       used 58848K, committed 59328K, reserved 1114112K
  class space    used 7338K, committed 7552K, reserved 1048576K
}

